#
# There is insufficient memory for the Java Runtime Environment to continue.
# Native memory allocation (malloc) failed to allocate 622016 bytes for Chunk::new
# Possible reasons:
#   The system is out of physical RAM or swap space
#   In 32 bit mode, the process size limit was hit
# Possible solutions:
#   Reduce memory load on the system
#   Increase physical memory or swap space
#   Check if swap backing store is full
#   Use 64 bit Java on a 64 bit OS
#   Decrease Java heap size (-Xmx/-Xms)
#   Decrease number of Java threads
#   Decrease Java thread stack sizes (-Xss)
#   Set larger code cache with -XX:ReservedCodeCacheSize=
# This output file may be truncated or incomplete.
#
#  Out of Memory Error (allocation.cpp:390), pid=7532, tid=6840
#
# JRE version: Java(TM) SE Runtime Environment (8.0_74-b02) (build 1.8.0_74-b02)
# Java VM: Java HotSpot(TM) 64-Bit Server VM (25.74-b02 mixed mode windows-amd64 compressed oops)
# Failed to write core dump. Minidumps are not enabled by default on client versions of Windows
#

---------------  T H R E A D  ---------------

Current thread (0x000000001567e000):  JavaThread "C2 CompilerThread0" daemon [_thread_in_native, id=6840, stack(0x0000000016d10000,0x0000000016e10000)]

Stack: [0x0000000016d10000,0x0000000016e10000]
[error occurred during error reporting (printing stack bounds), id 0xc0000005]

Native frames: (J=compiled Java code, j=interpreted, Vv=VM code, C=native code)


Current CompileTask:
C2:   5375 1395       4       com.android.dx.ssa.back.LivenessAnalyzer::run (231 bytes)


---------------  P R O C E S S  ---------------

Java Threads: ( => current thread )
  0x00000000171f0800 JavaThread "pool-2-thread-4" [_thread_blocked, id=8648, stack(0x0000000017a10000,0x0000000017b10000)]
  0x00000000171ef800 JavaThread "pool-2-thread-3" [_thread_blocked, id=9028, stack(0x0000000017910000,0x0000000017a10000)]
  0x0000000017200800 JavaThread "pool-2-thread-2" [_thread_blocked, id=2256, stack(0x0000000017810000,0x0000000017910000)]
  0x000000001718e800 JavaThread "pool-3-thread-1" [_thread_blocked, id=9200, stack(0x0000000017710000,0x0000000017810000)]
  0x000000001718d800 JavaThread "pool-2-thread-1" [_thread_blocked, id=6504, stack(0x0000000017610000,0x0000000017710000)]
  0x0000000016f13000 JavaThread "Service Thread" daemon [_thread_blocked, id=5088, stack(0x0000000017410000,0x0000000017510000)]
  0x0000000016f10800 JavaThread "C1 CompilerThread2" daemon [_thread_in_native, id=7876, stack(0x0000000017310000,0x0000000017410000)]
  0x0000000015681000 JavaThread "C2 CompilerThread1" daemon [_thread_in_native, id=7420, stack(0x0000000016e10000,0x0000000016f10000)]
=>0x000000001567e000 JavaThread "C2 CompilerThread0" daemon [_thread_in_native, id=6840, stack(0x0000000016d10000,0x0000000016e10000)]
  0x000000001567c800 JavaThread "Attach Listener" daemon [_thread_blocked, id=1592, stack(0x0000000016c10000,0x0000000016d10000)]
  0x000000001567b000 JavaThread "Signal Dispatcher" daemon [_thread_blocked, id=7224, stack(0x0000000016b10000,0x0000000016c10000)]
  0x000000001566a000 JavaThread "Finalizer" daemon [_thread_blocked, id=912, stack(0x0000000016900000,0x0000000016a00000)]
  0x0000000002fa1000 JavaThread "Reference Handler" daemon [_thread_blocked, id=7440, stack(0x0000000016800000,0x0000000016900000)]
  0x0000000002eb0800 JavaThread "main" [_thread_in_vm, id=1996, stack(0x0000000002d30000,0x0000000002e30000)]

Other Threads:
  0x0000000015648000 VMThread [stack: 0x0000000016700000,0x0000000016800000] [id=4284]
  0x0000000016f16800 WatcherThread [stack: 0x0000000017510000,0x0000000017610000] [id=9116]

VM state:not at safepoint (normal execution)

VM Mutex/Monitor currently owned by a thread: None

Heap:
 PSYoungGen      total 38400K, used 21817K [0x00000000eab00000, 0x00000000ed580000, 0x0000000100000000)
  eden space 33280K, 50% used [0x00000000eab00000,0x00000000ebb509f8,0x00000000ecb80000)
  from space 5120K, 99% used [0x00000000ecb80000,0x00000000ed07dc88,0x00000000ed080000)
  to   space 5120K, 0% used [0x00000000ed080000,0x00000000ed080000,0x00000000ed580000)
 ParOldGen       total 87552K, used 1310K [0x00000000c0000000, 0x00000000c5580000, 0x00000000eab00000)
  object space 87552K, 1% used [0x00000000c0000000,0x00000000c0147a60,0x00000000c5580000)
 Metaspace       used 6028K, capacity 7024K, committed 7296K, reserved 1056768K
  class space    used 589K, capacity 616K, committed 640K, reserved 1048576K

Card table byte_map: [0x0000000012370000,0x0000000012580000] byte_map_base: 0x0000000011d70000

Marking Bits: (ParMarkBitMap*) 0x0000000064e10600
 Begin Bits: [0x0000000012ae0000, 0x0000000013ae0000)
 End Bits:   [0x0000000013ae0000, 0x0000000014ae0000)

Polling page: 0x0000000002c80000

CodeCache: size=245760Kb used=6070Kb max_used=6070Kb free=239689Kb
 bounds [0x0000000002fb0000, 0x00000000035b0000, 0x0000000011fb0000]
 total_blobs=1703 nmethods=1440 adapters=176
 compilation: enabled

Compilation events (10 events):
Event: 5.207 Thread 0x0000000016f10800 1432       3       com.android.dx.cf.code.BasicBlocker::<init> (79 bytes)
Event: 5.208 Thread 0x0000000016f10800 nmethod 1432 0x000000000357f610 code [0x000000000357f7e0, 0x00000000035801c8]
Event: 5.208 Thread 0x0000000016f10800 1433   !   3       com.android.dx.cf.code.BasicBlocker::doit (156 bytes)
Event: 5.210 Thread 0x0000000016f10800 nmethod 1433 0x0000000003580550 code [0x00000000035807e0, 0x0000000003581b78]
Event: 5.210 Thread 0x0000000016f10800 1434       3       com.android.dx.cf.code.RopperMachine::<init> (134 bytes)
Event: 5.211 Thread 0x0000000016f10800 nmethod 1434 0x0000000003582890 code [0x0000000003582a80, 0x00000000035833f8]
Event: 5.211 Thread 0x0000000016f10800 1435       3       com.android.dx.cf.code.Simulator::<init> (66 bytes)
Event: 5.211 Thread 0x0000000016f10800 nmethod 1435 0x00000000035837d0 code [0x0000000003583980, 0x00000000035840d8]
Event: 5.212 Thread 0x0000000016f10800 1436       3       com.android.dx.cf.code.Frame::<init> (21 bytes)
Event: 5.212 Thread 0x0000000016f10800 nmethod 1436 0x0000000003584390 code [0x0000000003584560, 0x0000000003584d48]

GC Heap History (2 events):
Event: 4.595 GC heap before
{Heap before GC invocations=1 (full 0):
 PSYoungGen      total 38400K, used 33280K [0x00000000eab00000, 0x00000000ed580000, 0x0000000100000000)
  eden space 33280K, 100% used [0x00000000eab00000,0x00000000ecb80000,0x00000000ecb80000)
  from space 5120K, 0% used [0x00000000ed080000,0x00000000ed080000,0x00000000ed580000)
  to   space 5120K, 0% used [0x00000000ecb80000,0x00000000ecb80000,0x00000000ed080000)
 ParOldGen       total 87552K, used 0K [0x00000000c0000000, 0x00000000c5580000, 0x00000000eab00000)
  object space 87552K, 0% used [0x00000000c0000000,0x00000000c0000000,0x00000000c5580000)
 Metaspace       used 5919K, capacity 6960K, committed 7040K, reserved 1056768K
  class space    used 589K, capacity 616K, committed 640K, reserved 1048576K
Event: 4.608 GC heap after
Heap after GC invocations=1 (full 0):
 PSYoungGen      total 38400K, used 5111K [0x00000000eab00000, 0x00000000ed580000, 0x0000000100000000)
  eden space 33280K, 0% used [0x00000000eab00000,0x00000000eab00000,0x00000000ecb80000)
  from space 5120K, 99% used [0x00000000ecb80000,0x00000000ed07dc88,0x00000000ed080000)
  to   space 5120K, 0% used [0x00000000ed080000,0x00000000ed080000,0x00000000ed580000)
 ParOldGen       total 87552K, used 1310K [0x00000000c0000000, 0x00000000c5580000, 0x00000000eab00000)
  object space 87552K, 1% used [0x00000000c0000000,0x00000000c0147a60,0x00000000c5580000)
 Metaspace       used 5919K, capacity 6960K, committed 7040K, reserved 1056768K
  class space    used 589K, capacity 616K, committed 640K, reserved 1048576K
}

Deoptimization events (10 events):
Event: 3.785 Thread 0x0000000002eb0800 Uncommon trap: reason=class_check action=maybe_recompile pc=0x00000000032864dc method=com.android.dx.ssa.NormalSsaInsn.accept(Lcom/android/dx/ssa/SsaInsn$Visitor;)V @ 9
Event: 3.785 Thread 0x0000000002eb0800 Uncommon trap: reason=class_check action=maybe_recompile pc=0x00000000032864dc method=com.android.dx.ssa.NormalSsaInsn.accept(Lcom/android/dx/ssa/SsaInsn$Visitor;)V @ 9
Event: 3.785 Thread 0x0000000002eb0800 Uncommon trap: reason=class_check action=maybe_recompile pc=0x00000000032864dc method=com.android.dx.ssa.NormalSsaInsn.accept(Lcom/android/dx/ssa/SsaInsn$Visitor;)V @ 9
Event: 3.786 Thread 0x0000000002eb0800 Uncommon trap: reason=class_check action=maybe_recompile pc=0x00000000032319b0 method=com.android.dx.ssa.NormalSsaInsn.accept(Lcom/android/dx/ssa/SsaInsn$Visitor;)V @ 9
Event: 5.149 Thread 0x0000000017200800 Uncommon trap: reason=null_check action=make_not_entrant pc=0x00000000033d971c method=com.android.dx.ssa.SsaRenamer.getLocalForNewReg(I)Lcom/android/dx/rop/code/LocalItem; @ 19
Event: 5.158 Thread 0x0000000002eb0800 Uncommon trap: reason=unloaded action=reinterpret pc=0x000000000353f828 method=com.android.dx.cf.cst.ConstantPoolParser.parse0(ILjava/util/BitSet;)Lcom/android/dx/rop/cst/Constant; @ 198
Event: 5.159 Thread 0x0000000002eb0800 Uncommon trap: reason=unstable_if action=reinterpret pc=0x000000000350d4f8 method=com.android.dx.rop.cst.StdConstantPool.set(ILcom/android/dx/rop/cst/Constant;)V @ 12
Event: 5.165 Thread 0x0000000017200800 Uncommon trap: reason=unstable_if action=reinterpret pc=0x00000000035127b8 method=com.android.dx.rop.code.RegisterSpecSet.put(Lcom/android/dx/rop/code/RegisterSpec;)V @ 77
Event: 5.165 Thread 0x0000000017200800 Uncommon trap: reason=unstable_if action=reinterpret pc=0x000000000338a79c method=com.android.dx.rop.code.RegisterSpecSet.put(Lcom/android/dx/rop/code/RegisterSpec;)V @ 77
Event: 5.165 Thread 0x0000000017200800 Uncommon trap: reason=unstable_if action=reinterpret pc=0x000000000337b66c method=com.android.dx.rop.code.RegisterSpecSet.put(Lcom/android/dx/rop/code/RegisterSpec;)V @ 77

Internal exceptions (3 events):
Event: 0.307 Thread 0x0000000002eb0800 Exception <a 'java/lang/NoSuchMethodError': Method sun.misc.Unsafe.defineClass(Ljava/lang/String;[BII)Ljava/lang/Class; name or signature does not match> (0x00000000eab07cc0) thrown at [C:\re\workspace\8-2-build-windows-amd64-cygwin\jdk8u74\6087\hotspot\srqÐ¬¢Ó?
Event: 0.307 Thread 0x0000000002eb0800 Exception <a 'java/lang/NoSuchMethodError': Method sun.misc.Unsafe.prefetchRead(Ljava/lang/Object;J)V name or signature does not match> (0x00000000eab07fa8) thrown at [C:\re\workspace\8-2-build-windows-amd64-cygwin\jdk8u74\6087\hotspot\src\share\vm\prims\j+¨€ÎF˜@
Event: 5.149 Thread 0x0000000017200800 Implicit null exception at 0x00000000033d8ac7 to 0x00000000033d96d1

Events (10 events):
Event: 5.165 Thread 0x0000000017200800 Uncommon trap: trap_request=0xffffff65 fr.pc=0x00000000035127b8
Event: 5.165 Thread 0x0000000017200800 DEOPT PACKING pc=0x00000000035127b8 sp=0x000000001790ec30
Event: 5.165 Thread 0x0000000017200800 DEOPT UNPACKING pc=0x0000000002ff582a sp=0x000000001790eb90 mode 2
Event: 5.165 Thread 0x0000000017200800 Uncommon trap: trap_request=0xffffff65 fr.pc=0x000000000338a79c
Event: 5.165 Thread 0x0000000017200800 DEOPT PACKING pc=0x000000000338a79c sp=0x000000001790eb50
Event: 5.165 Thread 0x0000000017200800 DEOPT UNPACKING pc=0x0000000002ff582a sp=0x000000001790ea70 mode 2
Event: 5.165 Thread 0x0000000017200800 Uncommon trap: trap_request=0xffffff65 fr.pc=0x000000000337b66c
Event: 5.165 Thread 0x0000000017200800 DEOPT PACKING pc=0x000000000337b66c sp=0x000000001790ead0
Event: 5.166 Thread 0x0000000017200800 DEOPT UNPACKING pc=0x0000000002ff582a sp=0x000000001790ea68 mode 2
Event: 5.170 Thread 0x0000000002eb0800 DEOPT UNPACKING pc=0x0000000002ff582a sp=0x0000000002e2e988 mode 2


Dynamic libraries:
0x00007ff6e5f10000 - 0x00007ff6e5f47000 	C:\Program Files\Java\jdk1.8.0_74\bin\java.exe
0x00007ffc22b50000 - 0x00007ffc22d21000 	C:\WINDOWS\SYSTEM32\ntdll.dll
0x00007ffc20a00000 - 0x00007ffc20aab000 	C:\WINDOWS\System32\KERNEL32.DLL
0x00007ffc1f6c0000 - 0x00007ffc1f8dd000 	C:\WINDOWS\System32\KERNELBASE.dll
0x00007ffc228d0000 - 0x00007ffc22972000 	C:\WINDOWS\System32\ADVAPI32.dll
0x00007ffc22980000 - 0x00007ffc22a1e000 	C:\WINDOWS\System32\msvcrt.dll
0x00007ffc22a20000 - 0x00007ffc22a79000 	C:\WINDOWS\System32\sechost.dll
0x00007ffc227a0000 - 0x00007ffc228c1000 	C:\WINDOWS\System32\RPCRT4.dll
0x00007ffc22630000 - 0x00007ffc22795000 	C:\WINDOWS\System32\USER32.dll
0x00007ffc1f9e0000 - 0x00007ffc1f9fe000 	C:\WINDOWS\System32\win32u.dll
0x00007ffc20450000 - 0x00007ffc20484000 	C:\WINDOWS\System32\GDI32.dll
0x00007ffc1f530000 - 0x00007ffc1f6b2000 	C:\WINDOWS\System32\gdi32full.dll
0x00007ffc137f0000 - 0x00007ffc13a69000 	C:\WINDOWS\WinSxS\amd64_microsoft.windows.common-controls_6595b64144ccf1df_6.0.14393.447_none_42191651c6827bb3\COMCTL32.dll
0x00007ffc20170000 - 0x00007ffc20437000 	C:\WINDOWS\System32\combase.dll
0x00007ffc1f040000 - 0x00007ffc1f135000 	C:\WINDOWS\System32\ucrtbase.dll
0x00007ffc1f140000 - 0x00007ffc1f1aa000 	C:\WINDOWS\System32\bcryptPrimitives.dll
0x00007ffc22020000 - 0x00007ffc2204e000 	C:\WINDOWS\System32\IMM32.DLL
0x0000000064e90000 - 0x0000000064f62000 	C:\Program Files\Java\jdk1.8.0_74\jre\bin\msvcr100.dll
0x0000000064600000 - 0x0000000064e90000 	C:\Program Files\Java\jdk1.8.0_74\jre\bin\server\jvm.dll
0x00007ffc22a80000 - 0x00007ffc22a88000 	C:\WINDOWS\System32\PSAPI.DLL
0x00007ffbfd840000 - 0x00007ffbfd849000 	C:\WINDOWS\SYSTEM32\WSOCK32.dll
0x00007ffc20100000 - 0x00007ffc2016a000 	C:\WINDOWS\System32\WS2_32.dll
0x00007ffc1d410000 - 0x00007ffc1d433000 	C:\WINDOWS\SYSTEM32\WINMM.dll
0x00007ffc14870000 - 0x00007ffc1487a000 	C:\WINDOWS\SYSTEM32\VERSION.dll
0x00007ffc1d3b0000 - 0x00007ffc1d3db000 	C:\WINDOWS\SYSTEM32\WINMMBASE.dll
0x00007ffc1f8e0000 - 0x00007ffc1f922000 	C:\WINDOWS\System32\cfgmgr32.dll
0x00000000645f0000 - 0x00000000645ff000 	C:\Program Files\Java\jdk1.8.0_74\jre\bin\verify.dll
0x00000000645c0000 - 0x00000000645e9000 	C:\Program Files\Java\jdk1.8.0_74\jre\bin\java.dll
0x00000000645a0000 - 0x00000000645b6000 	C:\Program Files\Java\jdk1.8.0_74\jre\bin\zip.dll
0x00007ffc20ab0000 - 0x00007ffc21fb9000 	C:\WINDOWS\System32\SHELL32.dll
0x00007ffc1fa00000 - 0x00007ffc200da000 	C:\WINDOWS\System32\windows.storage.dll
0x00007ffc1efe0000 - 0x00007ffc1f02c000 	C:\WINDOWS\System32\powrprof.dll
0x00007ffc209a0000 - 0x00007ffc209f2000 	C:\WINDOWS\System32\shlwapi.dll
0x00007ffc1efb0000 - 0x00007ffc1efbf000 	C:\WINDOWS\System32\kernel.appcore.dll
0x00007ffc1f1b0000 - 0x00007ffc1f259000 	C:\WINDOWS\System32\shcore.dll
0x00007ffc1efc0000 - 0x00007ffc1efd4000 	C:\WINDOWS\System32\profapi.dll

VM Arguments:
jvm_args: -Djava.awt.headless=true -Xmx1024M -Dfile.encoding=windows-1252 -Duser.country=FR -Duser.language=fr -Duser.variant 
java_command: com.android.dx.command.Main --dex --force-jumbo --num-threads=4 --multi-dex --output C:\Users\kevin\Documents\Elec\FeedKat\Android\FeedKat-android\androidapp\FeedKat\app\build\intermediates\transforms\dex\debug\folders\1000\10\com.android.support-support-media-compat-24.2.1_16f3f47f21f79c8ee5a633f2af43381a8f3f8f44 C:\Users\kevin\Documents\Elec\FeedKat\Android\FeedKat-android\androidapp\FeedKat\app\build\intermediates\exploded-aar\com.android.support\support-media-compat\24.2.1\jars\classes.jar
java_class_path (initial): C:\Users\kevin\AppData\Local\Android\sdk\build-tools\24.0.2\lib\dx.jar
Launcher Type: SUN_STANDARD

Environment Variables:
PATH=C:\Program Files\Java\jdk1.8.0_74\bin;C:\ProgramData\Oracle\Java\javapath;C:\WINDOWS\system32;C:\WINDOWS;C:\WINDOWS\System32\Wbem;C:\WINDOWS\System32\WindowsPowerShell\v1.0\;C:\Program Files (x86)\CoIDE_V2Beta\gcc\bin;C:\Program Files (x86)\CoIDE_V2Beta\bin;C:\Program Files (x86)\Intel\OpenCL SDK\2.0\bin\x86;C:\Program Files (x86)\Intel\OpenCL SDK\2.0\bin\x64;C:\TD\TD_RF_Module_SDK-v6.0.0\gnu\bin;C:\TD\TD_RF_Module_SDK-v6.0.0\gnu\arm-none-eabi\bin;C:\Program Files (x86)\PuTTY\;C:\Program Files\nodejs\;C:\ProgramData\chocolatey\bin;C:\xampp\php;C:\ProgramData\ComposerSetup\bin;C:\Program Files (x86)\Nordic Semiconductor\nrf5x\bin\;C:\Users\kevin\AppData\Local\Microsoft\WindowsApps;C:\Users\kevin\AppData\Roaming\npm;C:\Users\kevin\AppData\Roaming\Composer\vendor\bin
USERNAME=kevin
OS=Windows_NT
PROCESSOR_IDENTIFIER=Intel64 Family 6 Model 42 Stepping 7, GenuineIntel



---------------  S Y S T E M  ---------------

OS: Windows 10.0 , 64 bit Build 14393 (10.0.14393.0)

CPU:total 4 (2 cores per cpu, 2 threads per core) family 6 model 42 stepping 7, cmov, cx8, fxsr, mmx, sse, sse2, sse3, ssse3, sse4.1, sse4.2, popcnt, avx, aes, clmul, ht, tsc, tscinvbit

Memory: 4k page, physical 8269036k(839844k free), swap 9317612k(6720k free)

vm_info: Java HotSpot(TM) 64-Bit Server VM (25.74-b02) for windows-amd64 JRE (1.8.0_74-b02), built on Jan 29 2016 17:42:36 by "java_re" with MS VC++ 10.0 (VS2010)

time: Fri Nov 18 09:58:32 2016
elapsed time: 5 seconds (0d 0h 0m 5s)

