#
# There is insufficient memory for the Java Runtime Environment to continue.
# Native memory allocation (malloc) failed to allocate 1048576 bytes for AllocateHeap
# Possible reasons:
#   The system is out of physical RAM or swap space
#   In 32 bit mode, the process size limit was hit
# Possible solutions:
#   Reduce memory load on the system
#   Increase physical memory or swap space
#   Check if swap backing store is full
#   Use 64 bit Java on a 64 bit OS
#   Decrease Java heap size (-Xmx/-Xms)
#   Decrease number of Java threads
#   Decrease Java thread stack sizes (-Xss)
#   Set larger code cache with -XX:ReservedCodeCacheSize=
# This output file may be truncated or incomplete.
#
#  Out of Memory Error (memory/allocation.inline.hpp:61), pid=1836, tid=5200
#
# JRE version:  (8.0_74-b02) (build )
# Java VM: Java HotSpot(TM) 64-Bit Server VM (25.74-b02 mixed mode windows-amd64 compressed oops)
# Failed to write core dump. Minidumps are not enabled by default on client versions of Windows
#

---------------  T H R E A D  ---------------

Current thread (0x0000000002890800):  JavaThread "Unknown thread" [_thread_in_vm, id=5200, stack(0x0000000002710000,0x0000000002810000)]

Stack: [0x0000000002710000,0x0000000002810000]
[error occurred during error reporting (printing stack bounds), id 0xc0000005]

Native frames: (J=compiled Java code, j=interpreted, Vv=VM code, C=native code)


---------------  P R O C E S S  ---------------

Java Threads: ( => current thread )

Other Threads:

=>0x0000000002890800 (exited) JavaThread "Unknown thread" [_thread_in_vm, id=5200, stack(0x0000000002710000,0x0000000002810000)]

VM state:not at safepoint (normal execution)

VM Mutex/Monitor currently owned by a thread: None

Heap:
 PSYoungGen      total 38400K, used 665K [0x00000000eab00000, 0x00000000ed580000, 0x0000000100000000)
  eden space 33280K, 2% used [0x00000000eab00000,0x00000000eaba6670,0x00000000ecb80000)
  from space 5120K, 0% used [0x00000000ed080000,0x00000000ed080000,0x00000000ed580000)
  to   space 5120K, 0% used [0x00000000ecb80000,0x00000000ecb80000,0x00000000ed080000)
 ParOldGen       total 87552K, used 0K [0x00000000c0000000, 0x00000000c5580000, 0x00000000eab00000)
  object space 87552K, 0% used [0x00000000c0000000,0x00000000c0000000,0x00000000c5580000)
 Metaspace       used 769K, capacity 4480K, committed 4480K, reserved 1056768K
  class space    used 75K, capacity 384K, committed 384K, reserved 1048576K

Card table byte_map: [0x0000000011d50000,0x0000000011f60000] byte_map_base: 0x0000000011750000

Marking Bits: (ParMarkBitMap*) 0x0000000064e10600
 Begin Bits: [0x00000000124c0000, 0x00000000134c0000)
 End Bits:   [0x00000000134c0000, 0x00000000144c0000)

Polling page: 0x0000000000c00000

CodeCache: size=245760Kb used=328Kb max_used=328Kb free=245431Kb
 bounds [0x0000000002990000, 0x0000000002c00000, 0x0000000011990000]
 total_blobs=58 nmethods=0 adapters=38
 compilation: enabled

Compilation events (0 events):
No events

GC Heap History (0 events):
No events

Deoptimization events (0 events):
No events

Internal exceptions (0 events):
No events

Events (10 events):
Event: 0.056 loading class java/lang/Short
Event: 0.056 loading class java/lang/Short done
Event: 0.056 loading class java/lang/Integer
Event: 0.056 loading class java/lang/Integer done
Event: 0.056 loading class java/lang/Long
Event: 0.057 loading class java/lang/Long done
Event: 0.058 loading class java/lang/NullPointerException
Event: 0.058 loading class java/lang/NullPointerException done
Event: 0.058 loading class java/lang/ArithmeticException
Event: 0.058 loading class java/lang/ArithmeticException done


Dynamic libraries:
0x00007ff6e5f10000 - 0x00007ff6e5f47000 	C:\Program Files\Java\jdk1.8.0_74\bin\java.exe
0x00007ffc22b50000 - 0x00007ffc22d21000 	C:\WINDOWS\SYSTEM32\ntdll.dll
0x00007ffc20a00000 - 0x00007ffc20aab000 	C:\WINDOWS\System32\KERNEL32.DLL
0x00007ffc1f6c0000 - 0x00007ffc1f8dd000 	C:\WINDOWS\System32\KERNELBASE.dll
0x00007ffc228d0000 - 0x00007ffc22972000 	C:\WINDOWS\System32\ADVAPI32.dll
0x00007ffc22980000 - 0x00007ffc22a1e000 	C:\WINDOWS\System32\msvcrt.dll
0x00007ffc22a20000 - 0x00007ffc22a79000 	C:\WINDOWS\System32\sechost.dll
0x00007ffc227a0000 - 0x00007ffc228c1000 	C:\WINDOWS\System32\RPCRT4.dll
0x00007ffc22630000 - 0x00007ffc22795000 	C:\WINDOWS\System32\USER32.dll
0x00007ffc1f9e0000 - 0x00007ffc1f9fe000 	C:\WINDOWS\System32\win32u.dll
0x00007ffc20450000 - 0x00007ffc20484000 	C:\WINDOWS\System32\GDI32.dll
0x00007ffc1f530000 - 0x00007ffc1f6b2000 	C:\WINDOWS\System32\gdi32full.dll
0x00007ffc137f0000 - 0x00007ffc13a69000 	C:\WINDOWS\WinSxS\amd64_microsoft.windows.common-controls_6595b64144ccf1df_6.0.14393.447_none_42191651c6827bb3\COMCTL32.dll
0x00007ffc20170000 - 0x00007ffc20437000 	C:\WINDOWS\System32\combase.dll
0x00007ffc1f040000 - 0x00007ffc1f135000 	C:\WINDOWS\System32\ucrtbase.dll
0x00007ffc1f140000 - 0x00007ffc1f1aa000 	C:\WINDOWS\System32\bcryptPrimitives.dll
0x00007ffc22020000 - 0x00007ffc2204e000 	C:\WINDOWS\System32\IMM32.DLL
0x0000000064e90000 - 0x0000000064f62000 	C:\Program Files\Java\jdk1.8.0_74\jre\bin\msvcr100.dll
0x0000000064600000 - 0x0000000064e90000 	C:\Program Files\Java\jdk1.8.0_74\jre\bin\server\jvm.dll
0x00007ffc22a80000 - 0x00007ffc22a88000 	C:\WINDOWS\System32\PSAPI.DLL
0x00007ffbfd840000 - 0x00007ffbfd849000 	C:\WINDOWS\SYSTEM32\WSOCK32.dll
0x00007ffc20100000 - 0x00007ffc2016a000 	C:\WINDOWS\System32\WS2_32.dll
0x00007ffc1d410000 - 0x00007ffc1d433000 	C:\WINDOWS\SYSTEM32\WINMM.dll
0x00007ffc14870000 - 0x00007ffc1487a000 	C:\WINDOWS\SYSTEM32\VERSION.dll
0x00007ffc1d3b0000 - 0x00007ffc1d3db000 	C:\WINDOWS\SYSTEM32\WINMMBASE.dll
0x00007ffc1f8e0000 - 0x00007ffc1f922000 	C:\WINDOWS\System32\cfgmgr32.dll
0x00000000645f0000 - 0x00000000645ff000 	C:\Program Files\Java\jdk1.8.0_74\jre\bin\verify.dll
0x00000000645c0000 - 0x00000000645e9000 	C:\Program Files\Java\jdk1.8.0_74\jre\bin\java.dll
0x00000000645a0000 - 0x00000000645b6000 	C:\Program Files\Java\jdk1.8.0_74\jre\bin\zip.dll

VM Arguments:
jvm_args: -Djava.awt.headless=true -Xmx1024M -Dfile.encoding=windows-1252 -Duser.country=FR -Duser.language=fr -Duser.variant 
java_command: com.android.dx.command.Main --dex --force-jumbo --num-threads=4 --multi-dex --output C:\Users\kevin\Documents\Elec\FeedKat\Android\FeedKat-android\androidapp\FeedKat\app\build\intermediates\transforms\dex\debug\folders\1000\10\picasso-2.5.0_fa7425e213c7ee3b5f5213ddf5b4301e2e0dbf76 C:\Users\kevin\.gradle\caches\modules-2\files-2.1\com.squareup.picasso\picasso\2.5.0\7ff0e000d1e27e356567f56c92af3b8ab912636f\picasso-2.5.0.jar
java_class_path (initial): C:\Users\kevin\AppData\Local\Android\sdk\build-tools\24.0.2\lib\dx.jar
Launcher Type: SUN_STANDARD

Environment Variables:
PATH=C:\Program Files\Java\jdk1.8.0_74\bin;C:\ProgramData\Oracle\Java\javapath;C:\WINDOWS\system32;C:\WINDOWS;C:\WINDOWS\System32\Wbem;C:\WINDOWS\System32\WindowsPowerShell\v1.0\;C:\Program Files (x86)\CoIDE_V2Beta\gcc\bin;C:\Program Files (x86)\CoIDE_V2Beta\bin;C:\Program Files (x86)\Intel\OpenCL SDK\2.0\bin\x86;C:\Program Files (x86)\Intel\OpenCL SDK\2.0\bin\x64;C:\TD\TD_RF_Module_SDK-v6.0.0\gnu\bin;C:\TD\TD_RF_Module_SDK-v6.0.0\gnu\arm-none-eabi\bin;C:\Program Files (x86)\PuTTY\;C:\Program Files\nodejs\;C:\ProgramData\chocolatey\bin;C:\xampp\php;C:\ProgramData\ComposerSetup\bin;C:\Program Files (x86)\Nordic Semiconductor\nrf5x\bin\;C:\Users\kevin\AppData\Local\Microsoft\WindowsApps;C:\Users\kevin\AppData\Roaming\npm;C:\Users\kevin\AppData\Roaming\Composer\vendor\bin
USERNAME=kevin
OS=Windows_NT
PROCESSOR_IDENTIFIER=Intel64 Family 6 Model 42 Stepping 7, GenuineIntel



---------------  S Y S T E M  ---------------

OS: Windows 10.0 , 64 bit Build 14393 (10.0.14393.0)

CPU:total 4 (2 cores per cpu, 2 threads per core) family 6 model 42 stepping 7, cmov, cx8, fxsr, mmx, sse, sse2, sse3, ssse3, sse4.1, sse4.2, popcnt, avx, aes, clmul, ht, tsc, tscinvbit

Memory: 4k page, physical 8269036k(896888k free), swap 9317612k(4796k free)

vm_info: Java HotSpot(TM) 64-Bit Server VM (25.74-b02) for windows-amd64 JRE (1.8.0_74-b02), built on Jan 29 2016 17:42:36 by "java_re" with MS VC++ 10.0 (VS2010)

time: Fri Nov 18 09:58:35 2016
elapsed time: 0 seconds (0d 0h 0m 0s)

